<?xml version="1.0" encoding="UTF-8"?>
<!-- Generated by org.testng.reporters.JUnitReportReporter -->
<testsuite hostname="LAPTOP-CFVIKKKJ" failures="0" tests="2" name="Test01_GET" time="1.613" errors="0" timestamp="2021-06-10T11:31:56 EDT" skipped="0">
  <testcase classname="Test01_GET" name="test_02" time="0.455"/>
  <system-out/>
  <testcase classname="Test01_GET" name="test_01" time="1.158"/>
  <system-out/>
</testsuite> <!-- Test01_GET -->
