<?xml version="1.0" encoding="UTF-8"?>
<!-- Generated by org.testng.reporters.JUnitReportReporter -->
<testsuite hostname="LAPTOP-CFVIKKKJ" failures="0" tests="1" name="TestNg.AnnotationsTest" time="0.004" errors="0" timestamp="2021-06-15T21:29:58 EDT" skipped="0">
  <testcase classname="TestNg.AnnotationsTest" name="first" time="0.004"/>
  <system-out/>
</testsuite> <!-- TestNg.AnnotationsTest -->
