<?xml version="1.0" encoding="UTF-8"?>
<!-- Generated by org.testng.reporters.JUnitReportReporter -->
<testsuite hostname="LAPTOP-CFVIKKKJ" failures="0" tests="2" name="TestNg.groupExamples" time="0.005" errors="0" timestamp="2021-06-15T21:30:36 EDT" skipped="0">
  <testcase classname="TestNg.groupExamples" name="testMethodOne" time="0.004"/>
  <system-out/>
  <testcase classname="TestNg.groupExamples" name="testMethodThree" time="0.001"/>
  <system-out/>
</testsuite> <!-- TestNg.groupExamples -->
