<?xml version="1.0" encoding="UTF-8"?>
<!-- Generated by org.testng.reporters.JUnitReportReporter -->
<testsuite hostname="LAPTOP-CFVIKKKJ" failures="0" tests="3" name="Test02_POST" time="1.327" errors="0" timestamp="2021-10-07T10:40:31 EDT" skipped="0">
  <testcase classname="Test02_POST" name="test_3_post" time="1.321"/>
  <system-out/>
  <testcase classname="Test02_POST" name="test_2_post" time="0.001"/>
  <system-out/>
  <testcase classname="Test02_POST" name="test_1_post" time="0.005"/>
  <system-out/>
</testsuite> <!-- Test02_POST -->
