<?xml version="1.0" encoding="UTF-8"?>
<!-- Generated by org.testng.reporters.JUnitReportReporter -->
<testsuite hostname="LAPTOP-CFVIKKKJ" failures="0" tests="1" name="Test03_PUT" time="1.371" errors="0" timestamp="2021-06-10T13:06:26 EDT" skipped="0">
  <testcase classname="Test03_PUT" name="test_1_put" time="1.371"/>
  <system-out/>
</testsuite> <!-- Test03_PUT -->
